2019-08-30 10:25:05 DEBUG SpringJUnit4ClassRunner:140 - SpringJUnit4ClassRunner constructor called with [class com.ehr.UserServiceTest]
2019-08-30 10:25:05 DEBUG BootstrapUtils:95 - Instantiating CacheAwareContextLoaderDelegate from class [org.springframework.test.context.cache.DefaultCacheAwareContextLoaderDelegate]
2019-08-30 10:25:05 DEBUG BootstrapUtils:78 - Instantiating BootstrapContext using constructor [public org.springframework.test.context.support.DefaultBootstrapContext(java.lang.Class,org.springframework.test.context.CacheAwareContextLoaderDelegate)]
2019-08-30 10:25:05 DEBUG BootstrapUtils:131 - Instantiating TestContextBootstrapper for test class [com.ehr.UserServiceTest] from class [org.springframework.test.context.support.DefaultTestContextBootstrapper]
2019-08-30 10:25:05 DEBUG AbstractDelegatingSmartContextLoader:96 - Delegating to GenericXmlContextLoader to process context configuration [ContextConfigurationAttributes@2133c8f8 declaringClass = 'com.ehr.UserServiceTest', classes = '{}', locations = '{/test-applicationContext.xml}', inheritLocations = true, initializers = '{}', inheritInitializers = true, name = [null], contextLoaderClass = 'org.springframework.test.context.ContextLoader'].
2019-08-30 10:25:05 DEBUG ActiveProfilesUtils:78 - Could not find an 'annotation declaring class' for annotation type [org.springframework.test.context.ActiveProfiles] and class [com.ehr.UserServiceTest]
2019-08-30 10:25:05 DEBUG DefaultTestContextBootstrapper:132 - @TestExecutionListeners is not present for class [com.ehr.UserServiceTest]: using defaults.
2019-08-30 10:25:05 INFO  DefaultTestContextBootstrapper:260 - Loaded default TestExecutionListener class names from location [META-INF/spring.factories]: [org.springframework.test.context.web.ServletTestExecutionListener, org.springframework.test.context.support.DirtiesContextBeforeModesTestExecutionListener, org.springframework.test.context.support.DependencyInjectionTestExecutionListener, org.springframework.test.context.support.DirtiesContextTestExecutionListener, org.springframework.test.context.transaction.TransactionalTestExecutionListener, org.springframework.test.context.jdbc.SqlScriptsTestExecutionListener]
2019-08-30 10:25:05 INFO  DefaultTestContextBootstrapper:209 - Could not instantiate TestExecutionListener [org.springframework.test.context.web.ServletTestExecutionListener]. Specify custom listener classes or make the default listener classes (and their required dependencies) available. Offending class: [javax/servlet/ServletContext]
2019-08-30 10:25:05 INFO  DefaultTestContextBootstrapper:187 - Using TestExecutionListeners: [org.springframework.test.context.support.DirtiesContextBeforeModesTestExecutionListener@50f8360d, org.springframework.test.context.support.DependencyInjectionTestExecutionListener@2cb4c3ab, org.springframework.test.context.support.DirtiesContextTestExecutionListener@13c78c0b, org.springframework.test.context.transaction.TransactionalTestExecutionListener@12843fce, org.springframework.test.context.jdbc.SqlScriptsTestExecutionListener@3dd3bcd]
2019-08-30 10:25:05 DEBUG ProfileValueUtils:68 - Retrieved @ProfileValueSourceConfiguration [null] for test class [com.ehr.UserServiceTest]
2019-08-30 10:25:05 DEBUG ProfileValueUtils:80 - Retrieved ProfileValueSource type [class org.springframework.test.annotation.SystemProfileValueSource] for class [com.ehr.UserServiceTest]
2019-08-30 10:25:05 DEBUG ProfileValueUtils:68 - Retrieved @ProfileValueSourceConfiguration [null] for test class [com.ehr.UserServiceTest]
2019-08-30 10:25:05 DEBUG ProfileValueUtils:80 - Retrieved ProfileValueSource type [class org.springframework.test.annotation.SystemProfileValueSource] for class [com.ehr.UserServiceTest]
2019-08-30 10:25:05 DEBUG ProfileValueUtils:68 - Retrieved @ProfileValueSourceConfiguration [null] for test class [com.ehr.UserServiceTest]
2019-08-30 10:25:05 DEBUG ProfileValueUtils:80 - Retrieved ProfileValueSource type [class org.springframework.test.annotation.SystemProfileValueSource] for class [com.ehr.UserServiceTest]
2019-08-30 10:25:05 DEBUG ProfileValueUtils:68 - Retrieved @ProfileValueSourceConfiguration [null] for test class [com.ehr.UserServiceTest]
2019-08-30 10:25:05 DEBUG ProfileValueUtils:80 - Retrieved ProfileValueSource type [class org.springframework.test.annotation.SystemProfileValueSource] for class [com.ehr.UserServiceTest]
2019-08-30 10:25:05 DEBUG AbstractDirtiesContextTestExecutionListener:141 - Before test class: context [DefaultTestContext@4439f31e testClass = UserServiceTest, testInstance = [null], testMethod = [null], testException = [null], mergedContextConfiguration = [MergedContextConfiguration@5dfcfece testClass = UserServiceTest, locations = '{classpath:/test-applicationContext.xml}', classes = '{}', contextInitializerClasses = '[]', activeProfiles = '{}', propertySourceLocations = '{}', propertySourceProperties = '{}', contextCustomizers = set[[empty]], contextLoader = 'org.springframework.test.context.support.DelegatingSmartContextLoader', parent = [null]]], class annotated with @DirtiesContext [false] with mode [null].
2019-08-30 10:25:05 DEBUG ProfileValueUtils:68 - Retrieved @ProfileValueSourceConfiguration [null] for test class [com.ehr.UserServiceTest]
2019-08-30 10:25:05 DEBUG ProfileValueUtils:80 - Retrieved ProfileValueSource type [class org.springframework.test.annotation.SystemProfileValueSource] for class [com.ehr.UserServiceTest]
2019-08-30 10:25:05 DEBUG DependencyInjectionTestExecutionListener:81 - Performing dependency injection for test context [[DefaultTestContext@4439f31e testClass = UserServiceTest, testInstance = com.ehr.UserServiceTest@5034c75a, testMethod = [null], testException = [null], mergedContextConfiguration = [MergedContextConfiguration@5dfcfece testClass = UserServiceTest, locations = '{classpath:/test-applicationContext.xml}', classes = '{}', contextInitializerClasses = '[]', activeProfiles = '{}', propertySourceLocations = '{}', propertySourceProperties = '{}', contextCustomizers = set[[empty]], contextLoader = 'org.springframework.test.context.support.DelegatingSmartContextLoader', parent = [null]]]].
2019-08-30 10:25:05 DEBUG AbstractDelegatingSmartContextLoader:106 - Delegating to GenericXmlContextLoader to load context from [MergedContextConfiguration@5dfcfece testClass = UserServiceTest, locations = '{classpath:/test-applicationContext.xml}', classes = '{}', contextInitializerClasses = '[]', activeProfiles = '{}', propertySourceLocations = '{}', propertySourceProperties = '{}', contextCustomizers = set[[empty]], contextLoader = 'org.springframework.test.context.support.DelegatingSmartContextLoader', parent = [null]].
2019-08-30 10:25:05 DEBUG AbstractGenericContextLoader:109 - Loading ApplicationContext for merged context configuration [[MergedContextConfiguration@5dfcfece testClass = UserServiceTest, locations = '{classpath:/test-applicationContext.xml}', classes = '{}', contextInitializerClasses = '[]', activeProfiles = '{}', propertySourceLocations = '{}', propertySourceProperties = '{}', contextCustomizers = set[[empty]], contextLoader = 'org.springframework.test.context.support.DelegatingSmartContextLoader', parent = [null]]].
2019-08-30 10:25:05 DEBUG PathMatchingResourcePatternResolver:192 - Found Equinox FileLocator for OSGi bundle URL resolution
2019-08-30 10:25:05 DEBUG StandardEnvironment:109 - Adding [systemProperties] PropertySource with lowest search precedence
2019-08-30 10:25:05 DEBUG StandardEnvironment:109 - Adding [systemEnvironment] PropertySource with lowest search precedence
2019-08-30 10:25:05 DEBUG StandardEnvironment:124 - Initialized StandardEnvironment with PropertySources [systemProperties,systemEnvironment]
2019-08-30 10:25:05 INFO  XmlBeanDefinitionReader:317 - Loading XML bean definitions from class path resource [test-applicationContext.xml]
2019-08-30 10:25:05 DEBUG DefaultDocumentLoader:73 - Using JAXP provider [com.sun.org.apache.xerces.internal.jaxp.DocumentBuilderFactoryImpl]
2019-08-30 10:25:05 DEBUG PluggableSchemaResolver:141 - Loading schema mappings from [META-INF/spring.schemas]
2019-08-30 10:25:05 DEBUG PluggableSchemaResolver:147 - Loaded schema mappings: {http://www.springframework.org/schema/tx/spring-tx-2.5.xsd=org/springframework/transaction/config/spring-tx-2.5.xsd, http://www.springframework.org/schema/tx/spring-tx-4.3.xsd=org/springframework/transaction/config/spring-tx-4.3.xsd, http://www.springframework.org/schema/cache/spring-cache-4.2.xsd=org/springframework/cache/config/spring-cache-4.2.xsd, http://www.springframework.org/schema/aop/spring-aop-4.1.xsd=org/springframework/aop/config/spring-aop-4.1.xsd, http://www.springframework.org/schema/context/spring-context-3.1.xsd=org/springframework/context/config/spring-context-3.1.xsd, http://www.springframework.org/schema/jdbc/spring-jdbc-4.1.xsd=org/springframework/jdbc/config/spring-jdbc-4.1.xsd, http://www.springframework.org/schema/util/spring-util-3.0.xsd=org/springframework/beans/factory/xml/spring-util-3.0.xsd, http://www.springframework.org/schema/tool/spring-tool.xsd=org/springframework/beans/factory/xml/spring-tool-4.3.xsd, http://www.springframework.org/schema/aop/spring-aop-3.2.xsd=org/springframework/aop/config/spring-aop-3.2.xsd, http://www.springframework.org/schema/lang/spring-lang-4.1.xsd=org/springframework/scripting/config/spring-lang-4.1.xsd, http://www.springframework.org/schema/context/spring-context-4.0.xsd=org/springframework/context/config/spring-context-4.0.xsd, http://www.springframework.org/schema/beans/spring-beans-4.2.xsd=org/springframework/beans/factory/xml/spring-beans-4.2.xsd, http://www.springframework.org/schema/tool/spring-tool-4.1.xsd=org/springframework/beans/factory/xml/spring-tool-4.1.xsd, http://www.springframework.org/schema/lang/spring-lang-3.2.xsd=org/springframework/scripting/config/spring-lang-3.2.xsd, http://www.springframework.org/schema/cache/spring-cache-3.2.xsd=org/springframework/cache/config/spring-cache-3.2.xsd, http://www.springframework.org/schema/jee/spring-jee-4.1.xsd=org/springframework/ejb/config/spring-jee-4.1.xsd, http://www.springframework.org/schema/jdbc/spring-jdbc-3.1.xsd=org/springframework/jdbc/config/spring-jdbc-3.1.xsd, http://www.springframework.org/schema/task/spring-task-4.2.xsd=org/springframework/scheduling/config/spring-task-4.2.xsd, http://www.springframework.org/schema/util/spring-util-2.0.xsd=org/springframework/beans/factory/xml/spring-util-2.0.xsd, http://www.springframework.org/schema/tool/spring-tool-3.2.xsd=org/springframework/beans/factory/xml/spring-tool-3.2.xsd, http://www.springframework.org/schema/context/spring-context.xsd=org/springframework/context/config/spring-context-4.3.xsd, http://www.springframework.org/schema/tx/spring-tx-4.2.xsd=org/springframework/transaction/config/spring-tx-4.2.xsd, http://www.springframework.org/schema/cache/spring-cache-4.1.xsd=org/springframework/cache/config/spring-cache-4.1.xsd, http://www.springframework.org/schema/aop/spring-aop-4.0.xsd=org/springframework/aop/config/spring-aop-4.0.xsd, http://www.springframework.org/schema/jee/spring-jee-3.2.xsd=org/springframework/ejb/config/spring-jee-3.2.xsd, http://www.springframework.org/schema/context/spring-context-3.0.xsd=org/springframework/context/config/spring-context-3.0.xsd, http://www.springframework.org/schema/jdbc/spring-jdbc-4.0.xsd=org/springframework/jdbc/config/spring-jdbc-4.0.xsd, http://www.springframework.org/schema/util/spring-util-2.5.xsd=org/springframework/beans/factory/xml/spring-util-2.5.xsd, http://www.springframework.org/schema/util/spring-util-4.3.xsd=org/springframework/beans/factory/xml/spring-util-4.3.xsd, http://www.springframework.org/schema/beans/spring-beans-3.2.xsd=org/springframework/beans/factory/xml/spring-beans-3.2.xsd, http://www.springframework.org/schema/aop/spring-aop-3.1.xsd=org/springframework/aop/config/spring-aop-3.1.xsd, http://www.springframework.org/schema/lang/spring-lang-4.0.xsd=org/springframework/scripting/config/spring-lang-4.0.xsd, http://www.springframework.org/schema/beans/spring-beans-4.1.xsd=org/springframework/beans/factory/xml/spring-beans-4.1.xsd, http://www.springframework.org/schema/tool/spring-tool-4.0.xsd=org/springframework/beans/factory/xml/spring-tool-4.0.xsd, http://www.springframework.org/schema/lang/spring-lang-3.1.xsd=org/springframework/scripting/config/spring-lang-3.1.xsd, http://www.springframework.org/schema/tx/spring-tx-3.2.xsd=org/springframework/transaction/config/spring-tx-3.2.xsd, http://www.springframework.org/schema/cache/spring-cache-3.1.xsd=org/springframework/cache/config/spring-cache-3.1.xsd, http://www.springframework.org/schema/jee/spring-jee-4.0.xsd=org/springframework/ejb/config/spring-jee-4.0.xsd, http://www.springframework.org/schema/jdbc/spring-jdbc-3.0.xsd=org/springframework/jdbc/config/spring-jdbc-3.0.xsd, http://www.springframework.org/schema/task/spring-task-4.1.xsd=org/springframework/scheduling/config/spring-task-4.1.xsd, http://www.springframework.org/schema/jdbc/spring-jdbc.xsd=org/springframework/jdbc/config/spring-jdbc-4.3.xsd, http://www.springframework.org/schema/tool/spring-tool-3.1.xsd=org/springframework/beans/factory/xml/spring-tool-3.1.xsd, http://www.springframework.org/schema/tx/spring-tx-4.1.xsd=org/springframework/transaction/config/spring-tx-4.1.xsd, http://www.springframework.org/schema/cache/spring-cache-4.0.xsd=org/springframework/cache/config/spring-cache-4.0.xsd, http://www.springframework.org/schema/jee/spring-jee-3.1.xsd=org/springframework/ejb/config/spring-jee-3.1.xsd, http://www.springframework.org/schema/task/spring-task-3.2.xsd=org/springframework/scheduling/config/spring-task-3.2.xsd, http://www.springframework.org/schema/util/spring-util-4.2.xsd=org/springframework/beans/factory/xml/spring-util-4.2.xsd, http://www.springframework.org/schema/beans/spring-beans-3.1.xsd=org/springframework/beans/factory/xml/spring-beans-3.1.xsd, http://www.springframework.org/schema/util/spring-util.xsd=org/springframework/beans/factory/xml/spring-util-4.3.xsd, http://www.springframework.org/schema/aop/spring-aop-3.0.xsd=org/springframework/aop/config/spring-aop-3.0.xsd, http://www.springframework.org/schema/beans/spring-beans-4.0.xsd=org/springframework/beans/factory/xml/spring-beans-4.0.xsd, http://www.springframework.org/schema/beans/spring-beans.xsd=org/springframework/beans/factory/xml/spring-beans-4.3.xsd, http://www.springframework.org/schema/lang/spring-lang-3.0.xsd=org/springframework/scripting/config/spring-lang-3.0.xsd, http://www.springframework.org/schema/tx/spring-tx-3.1.xsd=org/springframework/transaction/config/spring-tx-3.1.xsd, http://www.springframework.org/schema/context/spring-context-2.5.xsd=org/springframework/context/config/spring-context-2.5.xsd, http://www.springframework.org/schema/context/spring-context-4.3.xsd=org/springframework/context/config/spring-context-4.3.xsd, http://www.springframework.org/schema/task/spring-task-4.0.xsd=org/springframework/scheduling/config/spring-task-4.0.xsd, http://www.springframework.org/schema/tool/spring-tool-3.0.xsd=org/springframework/beans/factory/xml/spring-tool-3.0.xsd, http://www.springframework.org/schema/tx/spring-tx-4.0.xsd=org/springframework/transaction/config/spring-tx-4.0.xsd, http://www.springframework.org/schema/aop/spring-aop-2.0.xsd=org/springframework/aop/config/spring-aop-2.0.xsd, http://www.springframework.org/schema/jee/spring-jee-3.0.xsd=org/springframework/ejb/config/spring-jee-3.0.xsd, http://www.springframework.org/schema/task/spring-task-3.1.xsd=org/springframework/scheduling/config/spring-task-3.1.xsd, http://www.springframework.org/schema/util/spring-util-4.1.xsd=org/springframework/beans/factory/xml/spring-util-4.1.xsd, http://www.springframework.org/schema/beans/spring-beans-3.0.xsd=org/springframework/beans/factory/xml/spring-beans-3.0.xsd, http://www.springframework.org/schema/jee/spring-jee.xsd=org/springframework/ejb/config/spring-jee-4.3.xsd, http://www.springframework.org/schema/aop/spring-aop-2.5.xsd=org/springframework/aop/config/spring-aop-2.5.xsd, http://www.springframework.org/schema/aop/spring-aop-4.3.xsd=org/springframework/aop/config/spring-aop-4.3.xsd, http://www.springframework.org/schema/lang/spring-lang-2.0.xsd=org/springframework/scripting/config/spring-lang-2.0.xsd, http://www.springframework.org/schema/jdbc/spring-jdbc-4.3.xsd=org/springframework/jdbc/config/spring-jdbc-4.3.xsd, http://www.springframework.org/schema/util/spring-util-3.2.xsd=org/springframework/beans/factory/xml/spring-util-3.2.xsd, http://www.springframework.org/schema/task/spring-task.xsd=org/springframework/scheduling/config/spring-task-4.3.xsd, http://www.springframework.org/schema/tool/spring-tool-2.0.xsd=org/springframework/beans/factory/xml/spring-tool-2.0.xsd, http://www.springframework.org/schema/lang/spring-lang-4.3.xsd=org/springframework/scripting/config/spring-lang-4.3.xsd, http://www.springframework.org/schema/lang/spring-lang-2.5.xsd=org/springframework/scripting/config/spring-lang-2.5.xsd, http://www.springframework.org/schema/tx/spring-tx-3.0.xsd=org/springframework/transaction/config/spring-tx-3.0.xsd, http://www.springframework.org/schema/context/spring-context-4.2.xsd=org/springframework/context/config/spring-context-4.2.xsd, http://www.springframework.org/schema/jee/spring-jee-2.0.xsd=org/springframework/ejb/config/spring-jee-2.0.xsd, http://www.springframework.org/schema/tool/spring-tool-4.3.xsd=org/springframework/beans/factory/xml/spring-tool-4.3.xsd, http://www.springframework.org/schema/tool/spring-tool-2.5.xsd=org/springframework/beans/factory/xml/spring-tool-2.5.xsd, http://www.springframework.org/schema/jee/spring-jee-4.3.xsd=org/springframework/ejb/config/spring-jee-4.3.xsd, http://www.springframework.org/schema/jee/spring-jee-2.5.xsd=org/springframework/ejb/config/spring-jee-2.5.xsd, http://www.springframework.org/schema/task/spring-task-3.0.xsd=org/springframework/scheduling/config/spring-task-3.0.xsd, http://www.springframework.org/schema/util/spring-util-4.0.xsd=org/springframework/beans/factory/xml/spring-util-4.0.xsd, http://www.springframework.org/schema/cache/spring-cache-4.3.xsd=org/springframework/cache/config/spring-cache-4.3.xsd, http://www.springframework.org/schema/aop/spring-aop-4.2.xsd=org/springframework/aop/config/spring-aop-4.2.xsd, http://www.springframework.org/schema/lang/spring-lang.xsd=org/springframework/scripting/config/spring-lang-4.3.xsd, http://www.springframework.org/schema/context/spring-context-3.2.xsd=org/springframework/context/config/spring-context-3.2.xsd, http://www.springframework.org/schema/jdbc/spring-jdbc-4.2.xsd=org/springframework/jdbc/config/spring-jdbc-4.2.xsd, http://www.springframework.org/schema/util/spring-util-3.1.xsd=org/springframework/beans/factory/xml/spring-util-3.1.xsd, http://www.springframework.org/schema/beans/spring-beans-2.0.xsd=org/springframework/beans/factory/xml/spring-beans-2.0.xsd, http://www.springframework.org/schema/cache/spring-cache.xsd=org/springframework/cache/config/spring-cache-4.3.xsd, http://www.springframework.org/schema/tx/spring-tx.xsd=org/springframework/transaction/config/spring-tx-4.3.xsd, http://www.springframework.org/schema/lang/spring-lang-4.2.xsd=org/springframework/scripting/config/spring-lang-4.2.xsd, http://www.springframework.org/schema/context/spring-context-4.1.xsd=org/springframework/context/config/spring-context-4.1.xsd, http://www.springframework.org/schema/beans/spring-beans-2.5.xsd=org/springframework/beans/factory/xml/spring-beans-2.5.xsd, http://www.springframework.org/schema/beans/spring-beans-4.3.xsd=org/springframework/beans/factory/xml/spring-beans-4.3.xsd, http://www.springframework.org/schema/tool/spring-tool-4.2.xsd=org/springframework/beans/factory/xml/spring-tool-4.2.xsd, http://www.springframework.org/schema/tx/spring-tx-2.0.xsd=org/springframework/transaction/config/spring-tx-2.0.xsd, http://www.springframework.org/schema/jee/spring-jee-4.2.xsd=org/springframework/ejb/config/spring-jee-4.2.xsd, http://www.springframework.org/schema/jdbc/spring-jdbc-3.2.xsd=org/springframework/jdbc/config/spring-jdbc-3.2.xsd, http://www.springframework.org/schema/task/spring-task-4.3.xsd=org/springframework/scheduling/config/spring-task-4.3.xsd, http://www.springframework.org/schema/aop/spring-aop.xsd=org/springframework/aop/config/spring-aop-4.3.xsd}
2019-08-30 10:25:05 DEBUG PluggableSchemaResolver:119 - Found XML schema [http://www.springframework.org/schema/beans/spring-beans.xsd] in classpath: org/springframework/beans/factory/xml/spring-beans-4.3.xsd
2019-08-30 10:25:05 DEBUG DefaultBeanDefinitionDocumentReader:92 - Loading bean definitions
2019-08-30 10:25:05 DEBUG BeanDefinitionParserDelegate:481 - Neither XML 'id' nor 'name' specified - using generated bean name [org.springframework.aop.framework.autoproxy.DefaultAdvisorAutoProxyCreator#0]
2019-08-30 10:25:05 DEBUG XmlBeanDefinitionReader:224 - Loaded 13 bean definitions from location pattern [classpath:/test-applicationContext.xml]
2019-08-30 10:25:05 INFO  GenericApplicationContext:583 - Refreshing org.springframework.context.support.GenericApplicationContext@3532ec19: startup date [Fri Aug 30 10:25:05 KST 2019]; root of context hierarchy
2019-08-30 10:25:05 DEBUG GenericApplicationContext:617 - Bean factory for org.springframework.context.support.GenericApplicationContext@3532ec19: org.springframework.beans.factory.support.DefaultListableBeanFactory@29b5cd00: defining beans [mailSender,passwordAuth,authenticator,emailSession,transactionManager,testUserService,org.springframework.aop.framework.autoproxy.DefaultAdvisorAutoProxyCreator#0,transactionAdvisor,transactionPointCut,transactionAdvice,userService,dataSource,userDao,org.springframework.context.annotation.internalConfigurationAnnotationProcessor,org.springframework.context.annotation.internalAutowiredAnnotationProcessor,org.springframework.context.annotation.internalRequiredAnnotationProcessor,org.springframework.context.annotation.internalCommonAnnotationProcessor,org.springframework.context.event.internalEventListenerProcessor,org.springframework.context.event.internalEventListenerFactory]; root of factory hierarchy
2019-08-30 10:25:05 DEBUG DefaultListableBeanFactory:221 - Creating shared instance of singleton bean 'org.springframework.context.annotation.internalConfigurationAnnotationProcessor'
2019-08-30 10:25:05 DEBUG DefaultListableBeanFactory:449 - Creating instance of bean 'org.springframework.context.annotation.internalConfigurationAnnotationProcessor'
2019-08-30 10:25:05 DEBUG DefaultListableBeanFactory:539 - Eagerly caching bean 'org.springframework.context.annotation.internalConfigurationAnnotationProcessor' to allow for resolving potential circular references
2019-08-30 10:25:05 DEBUG DefaultListableBeanFactory:485 - Finished creating instance of bean 'org.springframework.context.annotation.internalConfigurationAnnotationProcessor'
2019-08-30 10:25:05 DEBUG DefaultListableBeanFactory:221 - Creating shared instance of singleton bean 'org.springframework.context.annotation.internalAutowiredAnnotationProcessor'
2019-08-30 10:25:05 DEBUG DefaultListableBeanFactory:449 - Creating instance of bean 'org.springframework.context.annotation.internalAutowiredAnnotationProcessor'
2019-08-30 10:25:05 DEBUG DefaultListableBeanFactory:539 - Eagerly caching bean 'org.springframework.context.annotation.internalAutowiredAnnotationProcessor' to allow for resolving potential circular references
2019-08-30 10:25:05 DEBUG DefaultListableBeanFactory:485 - Finished creating instance of bean 'org.springframework.context.annotation.internalAutowiredAnnotationProcessor'
2019-08-30 10:25:05 DEBUG DefaultListableBeanFactory:221 - Creating shared instance of singleton bean 'org.springframework.context.annotation.internalRequiredAnnotationProcessor'
2019-08-30 10:25:05 DEBUG DefaultListableBeanFactory:449 - Creating instance of bean 'org.springframework.context.annotation.internalRequiredAnnotationProcessor'
2019-08-30 10:25:05 DEBUG DefaultListableBeanFactory:539 - Eagerly caching bean 'org.springframework.context.annotation.internalRequiredAnnotationProcessor' to allow for resolving potential circular references
2019-08-30 10:25:05 DEBUG DefaultListableBeanFactory:485 - Finished creating instance of bean 'org.springframework.context.annotation.internalRequiredAnnotationProcessor'
2019-08-30 10:25:05 DEBUG DefaultListableBeanFactory:221 - Creating shared instance of singleton bean 'org.springframework.context.annotation.internalCommonAnnotationProcessor'
2019-08-30 10:25:05 DEBUG DefaultListableBeanFactory:449 - Creating instance of bean 'org.springframework.context.annotation.internalCommonAnnotationProcessor'
2019-08-30 10:25:05 DEBUG DefaultListableBeanFactory:539 - Eagerly caching bean 'org.springframework.context.annotation.internalCommonAnnotationProcessor' to allow for resolving potential circular references
2019-08-30 10:25:05 DEBUG DefaultListableBeanFactory:485 - Finished creating instance of bean 'org.springframework.context.annotation.internalCommonAnnotationProcessor'
2019-08-30 10:25:05 DEBUG DefaultListableBeanFactory:221 - Creating shared instance of singleton bean 'org.springframework.aop.framework.autoproxy.DefaultAdvisorAutoProxyCreator#0'
2019-08-30 10:25:05 DEBUG DefaultListableBeanFactory:449 - Creating instance of bean 'org.springframework.aop.framework.autoproxy.DefaultAdvisorAutoProxyCreator#0'
2019-08-30 10:25:05 DEBUG DefaultListableBeanFactory:539 - Eagerly caching bean 'org.springframework.aop.framework.autoproxy.DefaultAdvisorAutoProxyCreator#0' to allow for resolving potential circular references
2019-08-30 10:25:05 DEBUG DefaultListableBeanFactory:485 - Finished creating instance of bean 'org.springframework.aop.framework.autoproxy.DefaultAdvisorAutoProxyCreator#0'
2019-08-30 10:25:05 DEBUG GenericApplicationContext:734 - Unable to locate MessageSource with name 'messageSource': using default [org.springframework.context.support.DelegatingMessageSource@45dd4eda]
2019-08-30 10:25:05 DEBUG GenericApplicationContext:758 - Unable to locate ApplicationEventMulticaster with name 'applicationEventMulticaster': using default [org.springframework.context.event.SimpleApplicationEventMulticaster@d83da2e]
2019-08-30 10:25:05 DEBUG DefaultListableBeanFactory:730 - Pre-instantiating singletons in org.springframework.beans.factory.support.DefaultListableBeanFactory@29b5cd00: defining beans [mailSender,passwordAuth,authenticator,emailSession,transactionManager,testUserService,org.springframework.aop.framework.autoproxy.DefaultAdvisorAutoProxyCreator#0,transactionAdvisor,transactionPointCut,transactionAdvice,userService,dataSource,userDao,org.springframework.context.annotation.internalConfigurationAnnotationProcessor,org.springframework.context.annotation.internalAutowiredAnnotationProcessor,org.springframework.context.annotation.internalRequiredAnnotationProcessor,org.springframework.context.annotation.internalCommonAnnotationProcessor,org.springframework.context.event.internalEventListenerProcessor,org.springframework.context.event.internalEventListenerFactory]; root of factory hierarchy
2019-08-30 10:25:05 DEBUG DefaultListableBeanFactory:221 - Creating shared instance of singleton bean 'mailSender'
2019-08-30 10:25:05 DEBUG DefaultListableBeanFactory:449 - Creating instance of bean 'mailSender'
2019-08-30 10:25:05 DEBUG DefaultListableBeanFactory:539 - Eagerly caching bean 'mailSender' to allow for resolving potential circular references
2019-08-30 10:25:05 DEBUG DefaultListableBeanFactory:221 - Creating shared instance of singleton bean 'transactionAdvisor'
2019-08-30 10:25:05 DEBUG DefaultListableBeanFactory:449 - Creating instance of bean 'transactionAdvisor'
2019-08-30 10:25:05 DEBUG DefaultListableBeanFactory:539 - Eagerly caching bean 'transactionAdvisor' to allow for resolving potential circular references
2019-08-30 10:25:05 DEBUG DefaultListableBeanFactory:221 - Creating shared instance of singleton bean 'transactionAdvice'
2019-08-30 10:25:05 DEBUG DefaultListableBeanFactory:449 - Creating instance of bean 'transactionAdvice'
2019-08-30 10:25:05 DEBUG DefaultListableBeanFactory:539 - Eagerly caching bean 'transactionAdvice' to allow for resolving potential circular references
2019-08-30 10:25:05 DEBUG DefaultListableBeanFactory:221 - Creating shared instance of singleton bean 'transactionManager'
2019-08-30 10:25:05 DEBUG DefaultListableBeanFactory:449 - Creating instance of bean 'transactionManager'
2019-08-30 10:25:05 DEBUG DefaultListableBeanFactory:539 - Eagerly caching bean 'transactionManager' to allow for resolving potential circular references
2019-08-30 10:25:05 DEBUG DefaultListableBeanFactory:221 - Creating shared instance of singleton bean 'dataSource'
2019-08-30 10:25:05 DEBUG DefaultListableBeanFactory:449 - Creating instance of bean 'dataSource'
2019-08-30 10:25:05 DEBUG DefaultListableBeanFactory:539 - Eagerly caching bean 'dataSource' to allow for resolving potential circular references
2019-08-30 10:25:05 DEBUG BeanFactoryAdvisorRetrievalHelper:87 - Skipping currently created advisor 'transactionAdvisor'
2019-08-30 10:25:05 DEBUG DefaultListableBeanFactory:485 - Finished creating instance of bean 'dataSource'
2019-08-30 10:25:05 DEBUG DefaultListableBeanFactory:1670 - Invoking afterPropertiesSet() on bean with name 'transactionManager'
2019-08-30 10:25:05 DEBUG BeanFactoryAdvisorRetrievalHelper:87 - Skipping currently created advisor 'transactionAdvisor'
2019-08-30 10:25:05 DEBUG DefaultListableBeanFactory:485 - Finished creating instance of bean 'transactionManager'
2019-08-30 10:25:05 DEBUG DefaultListableBeanFactory:485 - Finished creating instance of bean 'transactionAdvice'
2019-08-30 10:25:05 DEBUG DefaultListableBeanFactory:221 - Creating shared instance of singleton bean 'transactionPointCut'
2019-08-30 10:25:05 DEBUG DefaultListableBeanFactory:449 - Creating instance of bean 'transactionPointCut'
2019-08-30 10:25:05 DEBUG DefaultListableBeanFactory:539 - Eagerly caching bean 'transactionPointCut' to allow for resolving potential circular references
2019-08-30 10:25:05 DEBUG DefaultListableBeanFactory:485 - Finished creating instance of bean 'transactionPointCut'
2019-08-30 10:25:05 DEBUG DefaultListableBeanFactory:485 - Finished creating instance of bean 'transactionAdvisor'
2019-08-30 10:25:05 DEBUG NameMatchClassPointCut:33 - 1. PointCut mappedName:*Service
2019-08-30 10:25:05 DEBUG NameMatchClassPointCut:34 - 2. PointCut clazz:DummyMailSender
2019-08-30 10:25:05 DEBUG NameMatchClassPointCut:35 - 3. PointCut PatternMatchUtils:false
2019-08-30 10:25:05 DEBUG DefaultListableBeanFactory:485 - Finished creating instance of bean 'mailSender'
2019-08-30 10:25:05 DEBUG DefaultListableBeanFactory:221 - Creating shared instance of singleton bean 'passwordAuth'
2019-08-30 10:25:05 DEBUG DefaultListableBeanFactory:449 - Creating instance of bean 'passwordAuth'
2019-08-30 10:25:05 DEBUG DefaultListableBeanFactory:539 - Eagerly caching bean 'passwordAuth' to allow for resolving potential circular references
2019-08-30 10:25:05 DEBUG DefaultListableBeanFactory:251 - Returning cached instance of singleton bean 'transactionAdvisor'
2019-08-30 10:25:05 DEBUG NameMatchClassPointCut:33 - 1. PointCut mappedName:*Service
2019-08-30 10:25:05 DEBUG NameMatchClassPointCut:34 - 2. PointCut clazz:PasswordAuthentication
2019-08-30 10:25:05 DEBUG NameMatchClassPointCut:35 - 3. PointCut PatternMatchUtils:false
2019-08-30 10:25:05 DEBUG DefaultListableBeanFactory:485 - Finished creating instance of bean 'passwordAuth'
2019-08-30 10:25:05 DEBUG DefaultListableBeanFactory:221 - Creating shared instance of singleton bean 'authenticator'
2019-08-30 10:25:05 DEBUG DefaultListableBeanFactory:449 - Creating instance of bean 'authenticator'
2019-08-30 10:25:05 DEBUG DefaultListableBeanFactory:539 - Eagerly caching bean 'authenticator' to allow for resolving potential circular references
2019-08-30 10:25:05 DEBUG DefaultListableBeanFactory:251 - Returning cached instance of singleton bean 'transactionAdvisor'
2019-08-30 10:25:05 DEBUG NameMatchClassPointCut:33 - 1. PointCut mappedName:*Service
2019-08-30 10:25:05 DEBUG NameMatchClassPointCut:34 - 2. PointCut clazz:Authenticator$$EnhancerBySpringCGLIB$$26b2e9de
2019-08-30 10:25:05 DEBUG NameMatchClassPointCut:35 - 3. PointCut PatternMatchUtils:false
2019-08-30 10:25:05 DEBUG DefaultListableBeanFactory:485 - Finished creating instance of bean 'authenticator'
2019-08-30 10:25:05 DEBUG DefaultListableBeanFactory:221 - Creating shared instance of singleton bean 'emailSession'
2019-08-30 10:25:05 DEBUG DefaultListableBeanFactory:449 - Creating instance of bean 'emailSession'
2019-08-30 10:25:05 DEBUG DefaultListableBeanFactory:251 - Returning cached instance of singleton bean 'authenticator'
2019-08-30 10:25:05 DEBUG DefaultListableBeanFactory:539 - Eagerly caching bean 'emailSession' to allow for resolving potential circular references
2019-08-30 10:25:05 DEBUG DefaultListableBeanFactory:251 - Returning cached instance of singleton bean 'transactionAdvisor'
2019-08-30 10:25:05 DEBUG NameMatchClassPointCut:33 - 1. PointCut mappedName:*Service
2019-08-30 10:25:05 DEBUG NameMatchClassPointCut:34 - 2. PointCut clazz:Session
2019-08-30 10:25:05 DEBUG NameMatchClassPointCut:35 - 3. PointCut PatternMatchUtils:false
2019-08-30 10:25:05 DEBUG DefaultListableBeanFactory:485 - Finished creating instance of bean 'emailSession'
2019-08-30 10:25:05 DEBUG DefaultListableBeanFactory:251 - Returning cached instance of singleton bean 'transactionManager'
2019-08-30 10:25:05 DEBUG DefaultListableBeanFactory:221 - Creating shared instance of singleton bean 'testUserService'
2019-08-30 10:25:05 DEBUG DefaultListableBeanFactory:449 - Creating instance of bean 'testUserService'
2019-08-30 10:25:05 DEBUG DefaultListableBeanFactory:539 - Eagerly caching bean 'testUserService' to allow for resolving potential circular references
2019-08-30 10:25:05 DEBUG DefaultListableBeanFactory:221 - Creating shared instance of singleton bean 'userDao'
2019-08-30 10:25:05 DEBUG DefaultListableBeanFactory:449 - Creating instance of bean 'userDao'
2019-08-30 10:25:05 DEBUG DefaultListableBeanFactory:539 - Eagerly caching bean 'userDao' to allow for resolving potential circular references
2019-08-30 10:25:05 DEBUG DefaultListableBeanFactory:251 - Returning cached instance of singleton bean 'dataSource'
2019-08-30 10:25:05 DEBUG DefaultListableBeanFactory:251 - Returning cached instance of singleton bean 'transactionAdvisor'
2019-08-30 10:25:05 DEBUG NameMatchClassPointCut:33 - 1. PointCut mappedName:*Service
2019-08-30 10:25:05 DEBUG NameMatchClassPointCut:34 - 2. PointCut clazz:UserDaoJdbc
2019-08-30 10:25:05 DEBUG NameMatchClassPointCut:35 - 3. PointCut PatternMatchUtils:false
2019-08-30 10:25:05 DEBUG DefaultListableBeanFactory:485 - Finished creating instance of bean 'userDao'
2019-08-30 10:25:05 DEBUG DefaultListableBeanFactory:251 - Returning cached instance of singleton bean 'mailSender'
2019-08-30 10:25:05 DEBUG DefaultListableBeanFactory:251 - Returning cached instance of singleton bean 'transactionAdvisor'
2019-08-30 10:25:05 DEBUG NameMatchClassPointCut:33 - 1. PointCut mappedName:*Service
2019-08-30 10:25:05 DEBUG NameMatchClassPointCut:34 - 2. PointCut clazz:TestUserService
2019-08-30 10:25:05 DEBUG NameMatchClassPointCut:35 - 3. PointCut PatternMatchUtils:true
2019-08-30 10:25:05 DEBUG DefaultAdvisorAutoProxyCreator:527 - Creating implicit proxy for bean 'testUserService' with 0 common interceptors and 1 specific interceptors
2019-08-30 10:25:05 DEBUG JdkDynamicAopProxy:118 - Creating JDK dynamic proxy: target source is SingletonTargetSource for target object [com.ehr.UserServiceTest$TestUserService@2df3b89c]
2019-08-30 10:25:05 DEBUG DefaultListableBeanFactory:485 - Finished creating instance of bean 'testUserService'
2019-08-30 10:25:05 DEBUG DefaultListableBeanFactory:251 - Returning cached instance of singleton bean 'org.springframework.aop.framework.autoproxy.DefaultAdvisorAutoProxyCreator#0'
2019-08-30 10:25:05 DEBUG DefaultListableBeanFactory:251 - Returning cached instance of singleton bean 'transactionAdvisor'
2019-08-30 10:25:05 DEBUG DefaultListableBeanFactory:251 - Returning cached instance of singleton bean 'transactionPointCut'
2019-08-30 10:25:05 DEBUG DefaultListableBeanFactory:251 - Returning cached instance of singleton bean 'transactionAdvice'
2019-08-30 10:25:05 DEBUG DefaultListableBeanFactory:221 - Creating shared instance of singleton bean 'userService'
2019-08-30 10:25:05 DEBUG DefaultListableBeanFactory:449 - Creating instance of bean 'userService'
2019-08-30 10:25:05 DEBUG DefaultListableBeanFactory:539 - Eagerly caching bean 'userService' to allow for resolving potential circular references
2019-08-30 10:25:05 DEBUG DefaultListableBeanFactory:251 - Returning cached instance of singleton bean 'userDao'
2019-08-30 10:25:05 DEBUG DefaultListableBeanFactory:251 - Returning cached instance of singleton bean 'mailSender'
2019-08-30 10:25:05 DEBUG DefaultListableBeanFactory:251 - Returning cached instance of singleton bean 'transactionAdvisor'
2019-08-30 10:25:05 DEBUG NameMatchClassPointCut:33 - 1. PointCut mappedName:*Service
2019-08-30 10:25:05 DEBUG NameMatchClassPointCut:34 - 2. PointCut clazz:UserServiceImpl
2019-08-30 10:25:05 DEBUG NameMatchClassPointCut:35 - 3. PointCut PatternMatchUtils:false
2019-08-30 10:25:05 DEBUG DefaultListableBeanFactory:485 - Finished creating instance of bean 'userService'
2019-08-30 10:25:05 DEBUG DefaultListableBeanFactory:251 - Returning cached instance of singleton bean 'dataSource'
2019-08-30 10:25:05 DEBUG DefaultListableBeanFactory:251 - Returning cached instance of singleton bean 'userDao'
2019-08-30 10:25:05 DEBUG DefaultListableBeanFactory:251 - Returning cached instance of singleton bean 'org.springframework.context.annotation.internalConfigurationAnnotationProcessor'
2019-08-30 10:25:05 DEBUG DefaultListableBeanFactory:251 - Returning cached instance of singleton bean 'org.springframework.context.annotation.internalAutowiredAnnotationProcessor'
2019-08-30 10:25:05 DEBUG DefaultListableBeanFactory:251 - Returning cached instance of singleton bean 'org.springframework.context.annotation.internalRequiredAnnotationProcessor'
2019-08-30 10:25:05 DEBUG DefaultListableBeanFactory:251 - Returning cached instance of singleton bean 'org.springframework.context.annotation.internalCommonAnnotationProcessor'
2019-08-30 10:25:05 DEBUG DefaultListableBeanFactory:221 - Creating shared instance of singleton bean 'org.springframework.context.event.internalEventListenerProcessor'
2019-08-30 10:25:05 DEBUG DefaultListableBeanFactory:449 - Creating instance of bean 'org.springframework.context.event.internalEventListenerProcessor'
2019-08-30 10:25:05 DEBUG DefaultListableBeanFactory:539 - Eagerly caching bean 'org.springframework.context.event.internalEventListenerProcessor' to allow for resolving potential circular references
2019-08-30 10:25:05 DEBUG DefaultListableBeanFactory:251 - Returning cached instance of singleton bean 'transactionAdvisor'
2019-08-30 10:25:05 DEBUG NameMatchClassPointCut:33 - 1. PointCut mappedName:*Service
2019-08-30 10:25:05 DEBUG NameMatchClassPointCut:34 - 2. PointCut clazz:EventListenerMethodProcessor
2019-08-30 10:25:05 DEBUG NameMatchClassPointCut:35 - 3. PointCut PatternMatchUtils:false
2019-08-30 10:25:05 DEBUG DefaultListableBeanFactory:485 - Finished creating instance of bean 'org.springframework.context.event.internalEventListenerProcessor'
2019-08-30 10:25:05 DEBUG DefaultListableBeanFactory:221 - Creating shared instance of singleton bean 'org.springframework.context.event.internalEventListenerFactory'
2019-08-30 10:25:05 DEBUG DefaultListableBeanFactory:449 - Creating instance of bean 'org.springframework.context.event.internalEventListenerFactory'
2019-08-30 10:25:05 DEBUG DefaultListableBeanFactory:539 - Eagerly caching bean 'org.springframework.context.event.internalEventListenerFactory' to allow for resolving potential circular references
2019-08-30 10:25:05 DEBUG DefaultListableBeanFactory:251 - Returning cached instance of singleton bean 'transactionAdvisor'
2019-08-30 10:25:05 DEBUG NameMatchClassPointCut:33 - 1. PointCut mappedName:*Service
2019-08-30 10:25:05 DEBUG NameMatchClassPointCut:34 - 2. PointCut clazz:DefaultEventListenerFactory
2019-08-30 10:25:05 DEBUG NameMatchClassPointCut:35 - 3. PointCut PatternMatchUtils:false
2019-08-30 10:25:05 DEBUG DefaultListableBeanFactory:485 - Finished creating instance of bean 'org.springframework.context.event.internalEventListenerFactory'
2019-08-30 10:25:05 DEBUG DefaultListableBeanFactory:251 - Returning cached instance of singleton bean 'org.springframework.context.event.internalEventListenerFactory'
2019-08-30 10:25:05 DEBUG GenericApplicationContext:785 - Unable to locate LifecycleProcessor with name 'lifecycleProcessor': using default [org.springframework.context.support.DefaultLifecycleProcessor@8c3b9d]
2019-08-30 10:25:05 DEBUG DefaultListableBeanFactory:251 - Returning cached instance of singleton bean 'lifecycleProcessor'
2019-08-30 10:25:05 DEBUG PropertySourcesPropertyResolver:91 - Could not find key 'spring.liveBeansView.mbeanDomain' in any property source
2019-08-30 10:25:05 DEBUG DefaultCacheAwareContextLoaderDelegate:118 - Storing ApplicationContext in cache under key [[MergedContextConfiguration@5dfcfece testClass = UserServiceTest, locations = '{classpath:/test-applicationContext.xml}', classes = '{}', contextInitializerClasses = '[]', activeProfiles = '{}', propertySourceLocations = '{}', propertySourceProperties = '{}', contextCustomizers = set[[empty]], contextLoader = 'org.springframework.test.context.support.DelegatingSmartContextLoader', parent = [null]]]
2019-08-30 10:25:05 DEBUG cache:290 - Spring test ApplicationContext cache statistics: [DefaultContextCache@5c671d7f size = 1, maxSize = 32, parentContextCount = 0, hitCount = 0, missCount = 1]
2019-08-30 10:25:05 DEBUG InjectionMetadata:86 - Processing injected element of bean 'com.ehr.UserServiceTest': AutowiredFieldElement for org.springframework.context.ApplicationContext com.ehr.UserServiceTest.context
2019-08-30 10:25:05 DEBUG AutowiredAnnotationBeanPostProcessor:535 - Autowiring by type from bean name 'com.ehr.UserServiceTest' to bean named 'org.springframework.context.support.GenericApplicationContext@3532ec19'
2019-08-30 10:25:05 DEBUG InjectionMetadata:86 - Processing injected element of bean 'com.ehr.UserServiceTest': AutowiredFieldElement for org.springframework.mail.MailSender com.ehr.UserServiceTest.mailSender
2019-08-30 10:25:05 DEBUG DefaultListableBeanFactory:251 - Returning cached instance of singleton bean 'mailSender'
2019-08-30 10:25:05 DEBUG AutowiredAnnotationBeanPostProcessor:535 - Autowiring by type from bean name 'com.ehr.UserServiceTest' to bean named 'mailSender'
2019-08-30 10:25:05 DEBUG InjectionMetadata:86 - Processing injected element of bean 'com.ehr.UserServiceTest': AutowiredFieldElement for com.ehr.service.UserService com.ehr.UserServiceTest.userService
2019-08-30 10:25:05 DEBUG DefaultListableBeanFactory:251 - Returning cached instance of singleton bean 'testUserService'
2019-08-30 10:25:05 DEBUG DefaultListableBeanFactory:251 - Returning cached instance of singleton bean 'userService'
2019-08-30 10:25:05 DEBUG AutowiredAnnotationBeanPostProcessor:535 - Autowiring by type from bean name 'com.ehr.UserServiceTest' to bean named 'userService'
2019-08-30 10:25:05 DEBUG InjectionMetadata:86 - Processing injected element of bean 'com.ehr.UserServiceTest': AutowiredFieldElement for com.ehr.service.UserService com.ehr.UserServiceTest.testUserService
2019-08-30 10:25:05 DEBUG DefaultListableBeanFactory:251 - Returning cached instance of singleton bean 'testUserService'
2019-08-30 10:25:05 DEBUG DefaultListableBeanFactory:251 - Returning cached instance of singleton bean 'userService'
2019-08-30 10:25:05 DEBUG AutowiredAnnotationBeanPostProcessor:535 - Autowiring by type from bean name 'com.ehr.UserServiceTest' to bean named 'testUserService'
2019-08-30 10:25:05 DEBUG InjectionMetadata:86 - Processing injected element of bean 'com.ehr.UserServiceTest': AutowiredFieldElement for com.ehr.UserDao com.ehr.UserServiceTest.userDao
2019-08-30 10:25:05 DEBUG DefaultListableBeanFactory:251 - Returning cached instance of singleton bean 'userDao'
2019-08-30 10:25:05 DEBUG AutowiredAnnotationBeanPostProcessor:535 - Autowiring by type from bean name 'com.ehr.UserServiceTest' to bean named 'userDao'
2019-08-30 10:25:05 DEBUG InjectionMetadata:86 - Processing injected element of bean 'com.ehr.UserServiceTest': AutowiredFieldElement for javax.sql.DataSource com.ehr.UserServiceTest.dataSource
2019-08-30 10:25:05 DEBUG DefaultListableBeanFactory:251 - Returning cached instance of singleton bean 'dataSource'
2019-08-30 10:25:05 DEBUG AutowiredAnnotationBeanPostProcessor:535 - Autowiring by type from bean name 'com.ehr.UserServiceTest' to bean named 'dataSource'
2019-08-30 10:25:05 DEBUG InjectionMetadata:86 - Processing injected element of bean 'com.ehr.UserServiceTest': AutowiredFieldElement for org.springframework.transaction.PlatformTransactionManager com.ehr.UserServiceTest.transactionManager
2019-08-30 10:25:05 DEBUG DefaultListableBeanFactory:251 - Returning cached instance of singleton bean 'transactionManager'
2019-08-30 10:25:05 DEBUG AutowiredAnnotationBeanPostProcessor:535 - Autowiring by type from bean name 'com.ehr.UserServiceTest' to bean named 'transactionManager'
2019-08-30 10:25:05 DEBUG DefaultListableBeanFactory:251 - Returning cached instance of singleton bean 'transactionAdvisor'
2019-08-30 10:25:05 DEBUG NameMatchClassPointCut:33 - 1. PointCut mappedName:*Service
2019-08-30 10:25:05 DEBUG NameMatchClassPointCut:34 - 2. PointCut clazz:UserServiceTest
2019-08-30 10:25:05 DEBUG NameMatchClassPointCut:35 - 3. PointCut PatternMatchUtils:false
2019-08-30 10:25:05 DEBUG AbstractDirtiesContextTestExecutionListener:106 - Before test method: context [DefaultTestContext@4439f31e testClass = UserServiceTest, testInstance = com.ehr.UserServiceTest@5034c75a, testMethod = upgradeAllOrNothing@UserServiceTest, testException = [null], mergedContextConfiguration = [MergedContextConfiguration@5dfcfece testClass = UserServiceTest, locations = '{classpath:/test-applicationContext.xml}', classes = '{}', contextInitializerClasses = '[]', activeProfiles = '{}', propertySourceLocations = '{}', propertySourceProperties = '{}', contextCustomizers = set[[empty]], contextLoader = 'org.springframework.test.context.support.DelegatingSmartContextLoader', parent = [null]]], class annotated with @DirtiesContext [false] with mode [null], method annotated with @DirtiesContext [false] with mode [null].
2019-08-30 10:25:05 DEBUG JdbcTemplate:522 - Executing SQL update [ DELETE FROM users]
2019-08-30 10:25:05 DEBUG DataSourceUtils:110 - Fetching JDBC Connection from DataSource
2019-08-30 10:25:05 DEBUG SimpleDriverDataSource:138 - Creating new JDBC Driver Connection to [jdbc:oracle:thin:@211.238.142.124:1521:orcl]
2019-08-30 10:25:06 DEBUG JdbcTemplate:529 - SQL update affected 5 rows
2019-08-30 10:25:06 DEBUG DataSourceUtils:327 - Returning JDBC Connection to DataSource
2019-08-30 10:25:06 DEBUG UserDao:307 - ========================
2019-08-30 10:25:06 DEBUG UserDao:308 - 02.sql=
  INSERT INTO users (		 
      u_id,                   
      name,                   
      passwd,                 
      h_level,                
      login,                  
      recommend,              
      email,                  
      reg_dt                  
  ) VALUES (                  
      ?,                      
      ?,                      
      ?,                      
      ?,                      
      ?,                      
      ?,                      
      ?,                      
      SYSDATE                 
  )                           

2019-08-30 10:25:06 DEBUG UserDao:309 - ========================
2019-08-30 10:25:06 DEBUG UserDao:321 - ========================
2019-08-30 10:25:06 DEBUG UserDao:322 - 02.param=
User [u_id=j01_124, name=이상무01, passwd=1234, hLevel=BASIC, login=49, recommend=0, email=jamesol@paran.com, regDt=2019/08/23, toString()=DTO [totalCnt=0, num=0]]
2019-08-30 10:25:06 DEBUG UserDao:323 - ========================
2019-08-30 10:25:06 DEBUG JdbcTemplate:869 - Executing prepared SQL update
2019-08-30 10:25:06 DEBUG JdbcTemplate:616 - Executing prepared SQL statement [  INSERT INTO users (		 
      u_id,                   
      name,                   
      passwd,                 
      h_level,                
      login,                  
      recommend,              
      email,                  
      reg_dt                  
  ) VALUES (                  
      ?,                      
      ?,                      
      ?,                      
      ?,                      
      ?,                      
      ?,                      
      ?,                      
      SYSDATE                 
  )                           
]
2019-08-30 10:25:06 DEBUG DataSourceUtils:110 - Fetching JDBC Connection from DataSource
2019-08-30 10:25:06 DEBUG SimpleDriverDataSource:138 - Creating new JDBC Driver Connection to [jdbc:oracle:thin:@211.238.142.124:1521:orcl]
2019-08-30 10:25:06 DEBUG JdbcTemplate:879 - SQL update affected 1 rows
2019-08-30 10:25:06 DEBUG DataSourceUtils:327 - Returning JDBC Connection to DataSource
2019-08-30 10:25:06 DEBUG UserDao:307 - ========================
2019-08-30 10:25:06 DEBUG UserDao:308 - 02.sql=
  INSERT INTO users (		 
      u_id,                   
      name,                   
      passwd,                 
      h_level,                
      login,                  
      recommend,              
      email,                  
      reg_dt                  
  ) VALUES (                  
      ?,                      
      ?,                      
      ?,                      
      ?,                      
      ?,                      
      ?,                      
      ?,                      
      SYSDATE                 
  )                           

2019-08-30 10:25:06 DEBUG UserDao:309 - ========================
2019-08-30 10:25:06 DEBUG UserDao:321 - ========================
2019-08-30 10:25:06 DEBUG UserDao:322 - 02.param=
User [u_id=j02_124, name=이상무02, passwd=1234, hLevel=BASIC, login=50, recommend=0, email=jamesol@paran.com, regDt=2019/08/23, toString()=DTO [totalCnt=0, num=0]]
2019-08-30 10:25:06 DEBUG UserDao:323 - ========================
2019-08-30 10:25:06 DEBUG JdbcTemplate:869 - Executing prepared SQL update
2019-08-30 10:25:06 DEBUG JdbcTemplate:616 - Executing prepared SQL statement [  INSERT INTO users (		 
      u_id,                   
      name,                   
      passwd,                 
      h_level,                
      login,                  
      recommend,              
      email,                  
      reg_dt                  
  ) VALUES (                  
      ?,                      
      ?,                      
      ?,                      
      ?,                      
      ?,                      
      ?,                      
      ?,                      
      SYSDATE                 
  )                           
]
2019-08-30 10:25:06 DEBUG DataSourceUtils:110 - Fetching JDBC Connection from DataSource
2019-08-30 10:25:06 DEBUG SimpleDriverDataSource:138 - Creating new JDBC Driver Connection to [jdbc:oracle:thin:@211.238.142.124:1521:orcl]
2019-08-30 10:25:06 DEBUG JdbcTemplate:879 - SQL update affected 1 rows
2019-08-30 10:25:06 DEBUG DataSourceUtils:327 - Returning JDBC Connection to DataSource
2019-08-30 10:25:06 DEBUG UserDao:307 - ========================
2019-08-30 10:25:06 DEBUG UserDao:308 - 02.sql=
  INSERT INTO users (		 
      u_id,                   
      name,                   
      passwd,                 
      h_level,                
      login,                  
      recommend,              
      email,                  
      reg_dt                  
  ) VALUES (                  
      ?,                      
      ?,                      
      ?,                      
      ?,                      
      ?,                      
      ?,                      
      ?,                      
      SYSDATE                 
  )                           

2019-08-30 10:25:06 DEBUG UserDao:309 - ========================
2019-08-30 10:25:06 DEBUG UserDao:321 - ========================
2019-08-30 10:25:06 DEBUG UserDao:322 - 02.param=
User [u_id=j03_124, name=이상무03, passwd=1234, hLevel=SILVER, login=50, recommend=29, email=jamesol@paran.com, regDt=2019/08/23, toString()=DTO [totalCnt=0, num=0]]
2019-08-30 10:25:06 DEBUG UserDao:323 - ========================
2019-08-30 10:25:06 DEBUG JdbcTemplate:869 - Executing prepared SQL update
2019-08-30 10:25:06 DEBUG JdbcTemplate:616 - Executing prepared SQL statement [  INSERT INTO users (		 
      u_id,                   
      name,                   
      passwd,                 
      h_level,                
      login,                  
      recommend,              
      email,                  
      reg_dt                  
  ) VALUES (                  
      ?,                      
      ?,                      
      ?,                      
      ?,                      
      ?,                      
      ?,                      
      ?,                      
      SYSDATE                 
  )                           
]
2019-08-30 10:25:06 DEBUG DataSourceUtils:110 - Fetching JDBC Connection from DataSource
2019-08-30 10:25:06 DEBUG SimpleDriverDataSource:138 - Creating new JDBC Driver Connection to [jdbc:oracle:thin:@211.238.142.124:1521:orcl]
2019-08-30 10:25:06 DEBUG JdbcTemplate:879 - SQL update affected 1 rows
2019-08-30 10:25:06 DEBUG DataSourceUtils:327 - Returning JDBC Connection to DataSource
2019-08-30 10:25:06 DEBUG UserDao:307 - ========================
2019-08-30 10:25:06 DEBUG UserDao:308 - 02.sql=
  INSERT INTO users (		 
      u_id,                   
      name,                   
      passwd,                 
      h_level,                
      login,                  
      recommend,              
      email,                  
      reg_dt                  
  ) VALUES (                  
      ?,                      
      ?,                      
      ?,                      
      ?,                      
      ?,                      
      ?,                      
      ?,                      
      SYSDATE                 
  )                           

2019-08-30 10:25:06 DEBUG UserDao:309 - ========================
2019-08-30 10:25:06 DEBUG UserDao:321 - ========================
2019-08-30 10:25:06 DEBUG UserDao:322 - 02.param=
User [u_id=j04_124, name=이상무04, passwd=1234, hLevel=SILVER, login=50, recommend=30, email=jamesol@paran.com, regDt=2019/08/23, toString()=DTO [totalCnt=0, num=0]]
2019-08-30 10:25:06 DEBUG UserDao:323 - ========================
2019-08-30 10:25:06 DEBUG JdbcTemplate:869 - Executing prepared SQL update
2019-08-30 10:25:06 DEBUG JdbcTemplate:616 - Executing prepared SQL statement [  INSERT INTO users (		 
      u_id,                   
      name,                   
      passwd,                 
      h_level,                
      login,                  
      recommend,              
      email,                  
      reg_dt                  
  ) VALUES (                  
      ?,                      
      ?,                      
      ?,                      
      ?,                      
      ?,                      
      ?,                      
      ?,                      
      SYSDATE                 
  )                           
]
2019-08-30 10:25:06 DEBUG DataSourceUtils:110 - Fetching JDBC Connection from DataSource
2019-08-30 10:25:06 DEBUG SimpleDriverDataSource:138 - Creating new JDBC Driver Connection to [jdbc:oracle:thin:@211.238.142.124:1521:orcl]
2019-08-30 10:25:06 DEBUG JdbcTemplate:879 - SQL update affected 1 rows
2019-08-30 10:25:06 DEBUG DataSourceUtils:327 - Returning JDBC Connection to DataSource
2019-08-30 10:25:06 DEBUG UserDao:307 - ========================
2019-08-30 10:25:06 DEBUG UserDao:308 - 02.sql=
  INSERT INTO users (		 
      u_id,                   
      name,                   
      passwd,                 
      h_level,                
      login,                  
      recommend,              
      email,                  
      reg_dt                  
  ) VALUES (                  
      ?,                      
      ?,                      
      ?,                      
      ?,                      
      ?,                      
      ?,                      
      ?,                      
      SYSDATE                 
  )                           

2019-08-30 10:25:06 DEBUG UserDao:309 - ========================
2019-08-30 10:25:06 DEBUG UserDao:321 - ========================
2019-08-30 10:25:06 DEBUG UserDao:322 - 02.param=
User [u_id=j05_124, name=이상무05, passwd=1234, hLevel=GOLD, login=99, recommend=99, email=jamesol@paran.com, regDt=2019/08/23, toString()=DTO [totalCnt=0, num=0]]
2019-08-30 10:25:06 DEBUG UserDao:323 - ========================
2019-08-30 10:25:06 DEBUG JdbcTemplate:869 - Executing prepared SQL update
2019-08-30 10:25:06 DEBUG JdbcTemplate:616 - Executing prepared SQL statement [  INSERT INTO users (		 
      u_id,                   
      name,                   
      passwd,                 
      h_level,                
      login,                  
      recommend,              
      email,                  
      reg_dt                  
  ) VALUES (                  
      ?,                      
      ?,                      
      ?,                      
      ?,                      
      ?,                      
      ?,                      
      ?,                      
      SYSDATE                 
  )                           
]
2019-08-30 10:25:06 DEBUG DataSourceUtils:110 - Fetching JDBC Connection from DataSource
2019-08-30 10:25:06 DEBUG SimpleDriverDataSource:138 - Creating new JDBC Driver Connection to [jdbc:oracle:thin:@211.238.142.124:1521:orcl]
2019-08-30 10:25:06 DEBUG JdbcTemplate:879 - SQL update affected 1 rows
2019-08-30 10:25:06 DEBUG DataSourceUtils:327 - Returning JDBC Connection to DataSource
2019-08-30 10:25:06 DEBUG DataSourceTransactionManager:367 - Creating new transaction with name [null]: PROPAGATION_REQUIRED,ISOLATION_DEFAULT
2019-08-30 10:25:06 DEBUG SimpleDriverDataSource:138 - Creating new JDBC Driver Connection to [jdbc:oracle:thin:@211.238.142.124:1521:orcl]
2019-08-30 10:25:06 DEBUG DataSourceTransactionManager:248 - Acquired Connection [oracle.jdbc.driver.T4CConnection@47caedad] for JDBC transaction
2019-08-30 10:25:06 DEBUG DataSourceTransactionManager:265 - Switching JDBC Connection [oracle.jdbc.driver.T4CConnection@47caedad] to manual commit
2019-08-30 10:25:06 DEBUG UserDao:223 - ========================
2019-08-30 10:25:06 DEBUG UserDao:224 - 02.sql=
  SELECT											
      u_id,                                      
      name,                                      
      passwd,                                    
      h_level,                                   
      login,                                     
      recommend,                                 
      email,                                     
      TO_CHAR(reg_dt, 'yyyy/mm/dd') reg_dt,      
      1 as rnum,    							    
      1 as total_cnt     					    
  FROM                                           
      users                                      
  ORDER BY u_id									

2019-08-30 10:25:06 DEBUG UserDao:225 - ========================
2019-08-30 10:25:06 DEBUG JdbcTemplate:451 - Executing SQL query [  SELECT											
      u_id,                                      
      name,                                      
      passwd,                                    
      h_level,                                   
      login,                                     
      recommend,                                 
      email,                                     
      TO_CHAR(reg_dt, 'yyyy/mm/dd') reg_dt,      
      1 as rnum,    							    
      1 as total_cnt     					    
  FROM                                           
      users                                      
  ORDER BY u_id									
]
2019-08-30 10:25:06 DEBUG UserDao:72 - =============================
2019-08-30 10:25:06 DEBUG UserDao:73 - 02. sql=
  UPDATE users					
  SET                         	
      name = ?            	    
      ,passwd = ?             	
      ,h_level = ?            	
      ,login = ?              	
      ,recommend = ?          	
      ,email = ?              	
      ,reg_dt = sysdate       	
  WHERE                          
      u_id = ?                   

2019-08-30 10:25:06 DEBUG UserDao:74 - =============================
2019-08-30 10:25:06 DEBUG UserDao:85 - ========================
2019-08-30 10:25:06 DEBUG UserDao:86 - 02.args=
[Ljava.lang.Object;@2f953efd
2019-08-30 10:25:06 DEBUG UserDao:87 - ========================
2019-08-30 10:25:06 DEBUG JdbcTemplate:869 - Executing prepared SQL update
2019-08-30 10:25:06 DEBUG JdbcTemplate:616 - Executing prepared SQL statement [  UPDATE users					
  SET                         	
      name = ?            	    
      ,passwd = ?             	
      ,h_level = ?            	
      ,login = ?              	
      ,recommend = ?          	
      ,email = ?              	
      ,reg_dt = sysdate       	
  WHERE                          
      u_id = ?                   
]
2019-08-30 10:25:06 DEBUG JdbcTemplate:879 - SQL update affected 1 rows
2019-08-30 10:25:06 DEBUG UserServiceTest$TestUserService:196 - ==============================
2019-08-30 10:25:06 DEBUG UserServiceTest$TestUserService:197 - =mail send=
2019-08-30 10:25:06 DEBUG UserServiceTest$TestUserService:198 - ==============================
2019-08-30 10:25:06 DEBUG DataSourceTransactionManager:851 - Initiating transaction rollback
2019-08-30 10:25:06 DEBUG DataSourceTransactionManager:325 - Rolling back JDBC transaction on Connection [oracle.jdbc.driver.T4CConnection@47caedad]
2019-08-30 10:25:06 DEBUG DataSourceTransactionManager:368 - Releasing JDBC Connection [oracle.jdbc.driver.T4CConnection@47caedad] after transaction
2019-08-30 10:25:06 DEBUG DataSourceUtils:327 - Returning JDBC Connection to DataSource
2019-08-30 10:25:06 DEBUG TransactionHandler:40 - =================================
2019-08-30 10:25:06 DEBUG TransactionHandler:41 - =invokeTransaction rollback=
2019-08-30 10:25:06 DEBUG TransactionHandler:42 - =================================
2019-08-30 10:25:06 DEBUG UserDao:355 - =============================
2019-08-30 10:25:06 DEBUG UserDao:356 - 02. sql=
  SELECT											
      u_id,                                      
      name,                                      
      passwd,                                    
      h_level,                                   
      login,                                     
      recommend,                                 
      email,                                     
      TO_CHAR(reg_dt, 'yyyy/mm/dd') reg_dt,      
      1 as rnum,                      			
      1 as total_cnt                      		
  FROM                                           
      users                                      
  WHERE u_id = ?                                 

2019-08-30 10:25:06 DEBUG UserDao:357 - =============================
2019-08-30 10:25:06 DEBUG JdbcTemplate:682 - Executing prepared SQL query
2019-08-30 10:25:06 DEBUG JdbcTemplate:616 - Executing prepared SQL statement [  SELECT											
      u_id,                                      
      name,                                      
      passwd,                                    
      h_level,                                   
      login,                                     
      recommend,                                 
      email,                                     
      TO_CHAR(reg_dt, 'yyyy/mm/dd') reg_dt,      
      1 as rnum,                      			
      1 as total_cnt                      		
  FROM                                           
      users                                      
  WHERE u_id = ?                                 
]
2019-08-30 10:25:06 DEBUG DataSourceUtils:110 - Fetching JDBC Connection from DataSource
2019-08-30 10:25:06 DEBUG SimpleDriverDataSource:138 - Creating new JDBC Driver Connection to [jdbc:oracle:thin:@211.238.142.124:1521:orcl]
2019-08-30 10:25:06 DEBUG DataSourceUtils:327 - Returning JDBC Connection to DataSource
2019-08-30 10:25:06 DEBUG AbstractDirtiesContextTestExecutionListener:106 - After test method: context [DefaultTestContext@4439f31e testClass = UserServiceTest, testInstance = com.ehr.UserServiceTest@5034c75a, testMethod = upgradeAllOrNothing@UserServiceTest, testException = [null], mergedContextConfiguration = [MergedContextConfiguration@5dfcfece testClass = UserServiceTest, locations = '{classpath:/test-applicationContext.xml}', classes = '{}', contextInitializerClasses = '[]', activeProfiles = '{}', propertySourceLocations = '{}', propertySourceProperties = '{}', contextCustomizers = set[[empty]], contextLoader = 'org.springframework.test.context.support.DelegatingSmartContextLoader', parent = [null]]], class annotated with @DirtiesContext [false] with mode [null], method annotated with @DirtiesContext [false] with mode [null].
2019-08-30 10:25:06 DEBUG AbstractDirtiesContextTestExecutionListener:141 - After test class: context [DefaultTestContext@4439f31e testClass = UserServiceTest, testInstance = [null], testMethod = [null], testException = [null], mergedContextConfiguration = [MergedContextConfiguration@5dfcfece testClass = UserServiceTest, locations = '{classpath:/test-applicationContext.xml}', classes = '{}', contextInitializerClasses = '[]', activeProfiles = '{}', propertySourceLocations = '{}', propertySourceProperties = '{}', contextCustomizers = set[[empty]], contextLoader = 'org.springframework.test.context.support.DelegatingSmartContextLoader', parent = [null]]], class annotated with @DirtiesContext [false] with mode [null].
2019-08-30 10:25:06 INFO  GenericApplicationContext:984 - Closing org.springframework.context.support.GenericApplicationContext@3532ec19: startup date [Fri Aug 30 10:25:05 KST 2019]; root of context hierarchy
2019-08-30 10:25:06 DEBUG DefaultListableBeanFactory:251 - Returning cached instance of singleton bean 'lifecycleProcessor'
2019-08-30 10:25:06 DEBUG DefaultListableBeanFactory:512 - Destroying singletons in org.springframework.beans.factory.support.DefaultListableBeanFactory@29b5cd00: defining beans [mailSender,passwordAuth,authenticator,emailSession,transactionManager,testUserService,org.springframework.aop.framework.autoproxy.DefaultAdvisorAutoProxyCreator#0,transactionAdvisor,transactionPointCut,transactionAdvice,userService,dataSource,userDao,org.springframework.context.annotation.internalConfigurationAnnotationProcessor,org.springframework.context.annotation.internalAutowiredAnnotationProcessor,org.springframework.context.annotation.internalRequiredAnnotationProcessor,org.springframework.context.annotation.internalCommonAnnotationProcessor,org.springframework.context.event.internalEventListenerProcessor,org.springframework.context.event.internalEventListenerFactory]; root of factory hierarchy
